  11659.cpp
C:\Users\ghkdd\Desktop\CodingTest\BaekJoon\11659\11659\11659.cpp(29,3): error C2679: 이항 '>>': 오른쪽 피연산자로 'int *' 형식을 사용하는 연산자가 없거나 허용되는 변환이 없습니다.
C:\Program Files\Microsoft Visual Studio\2022\Community\VC\Tools\MSVC\14.35.32215\include\istream(299,39): message : 'std::basic_istream<char,std::char_traits<char>> &std::basic_istream<char,std::char_traits<char>>::operator >>(std::basic_streambuf<char,std::char_traits<char>> *)'일 수 있습니다.
C:\Program Files\Microsoft Visual Studio\2022\Community\VC\Tools\MSVC\14.35.32215\include\istream(295,39): message : 또는       'std::basic_istream<char,std::char_traits<char>> &std::basic_istream<char,std::char_traits<char>>::operator >>(void *&)'
C:\Program Files\Microsoft Visual Studio\2022\Community\VC\Tools\MSVC\14.35.32215\include\istream(291,39): message : 또는       'std::basic_istream<char,std::char_traits<char>> &std::basic_istream<char,std::char_traits<char>>::operator >>(long double &)'
C:\Program Files\Microsoft Visual Studio\2022\Community\VC\Tools\MSVC\14.35.32215\include\istream(287,39): message : 또는       'std::basic_istream<char,std::char_traits<char>> &std::basic_istream<char,std::char_traits<char>>::operator >>(double &)'
C:\Program Files\Microsoft Visual Studio\2022\Community\VC\Tools\MSVC\14.35.32215\include\istream(283,39): message : 또는       'std::basic_istream<char,std::char_traits<char>> &std::basic_istream<char,std::char_traits<char>>::operator >>(float &)'
C:\Program Files\Microsoft Visual Studio\2022\Community\VC\Tools\MSVC\14.35.32215\include\istream(279,39): message : 또는       'std::basic_istream<char,std::char_traits<char>> &std::basic_istream<char,std::char_traits<char>>::operator >>(unsigned __int64 &)'
C:\Program Files\Microsoft Visual Studio\2022\Community\VC\Tools\MSVC\14.35.32215\include\istream(275,39): message : 또는       'std::basic_istream<char,std::char_traits<char>> &std::basic_istream<char,std::char_traits<char>>::operator >>(__int64 &)'
C:\Program Files\Microsoft Visual Studio\2022\Community\VC\Tools\MSVC\14.35.32215\include\istream(271,39): message : 또는       'std::basic_istream<char,std::char_traits<char>> &std::basic_istream<char,std::char_traits<char>>::operator >>(unsigned long &)'
C:\Program Files\Microsoft Visual Studio\2022\Community\VC\Tools\MSVC\14.35.32215\include\istream(267,39): message : 또는       'std::basic_istream<char,std::char_traits<char>> &std::basic_istream<char,std::char_traits<char>>::operator >>(long &)'
C:\Program Files\Microsoft Visual Studio\2022\Community\VC\Tools\MSVC\14.35.32215\include\istream(263,39): message : 또는       'std::basic_istream<char,std::char_traits<char>> &std::basic_istream<char,std::char_traits<char>>::operator >>(unsigned int &)'
C:\Program Files\Microsoft Visual Studio\2022\Community\VC\Tools\MSVC\14.35.32215\include\istream(255,39): message : 또는       'std::basic_istream<char,std::char_traits<char>> &std::basic_istream<char,std::char_traits<char>>::operator >>(int &)'
C:\Program Files\Microsoft Visual Studio\2022\Community\VC\Tools\MSVC\14.35.32215\include\istream(251,39): message : 또는       'std::basic_istream<char,std::char_traits<char>> &std::basic_istream<char,std::char_traits<char>>::operator >>(unsigned short &)'
C:\Program Files\Microsoft Visual Studio\2022\Community\VC\Tools\MSVC\14.35.32215\include\istream(219,39): message : 또는       'std::basic_istream<char,std::char_traits<char>> &std::basic_istream<char,std::char_traits<char>>::operator >>(short &)'
C:\Program Files\Microsoft Visual Studio\2022\Community\VC\Tools\MSVC\14.35.32215\include\istream(215,39): message : 또는       'std::basic_istream<char,std::char_traits<char>> &std::basic_istream<char,std::char_traits<char>>::operator >>(bool &)'
C:\Program Files\Microsoft Visual Studio\2022\Community\VC\Tools\MSVC\14.35.32215\include\istream(186,39): message : 또는       'std::basic_istream<char,std::char_traits<char>> &std::basic_istream<char,std::char_traits<char>>::operator >>(std::ios_base &(__cdecl *)(std::ios_base &))'
C:\Program Files\Microsoft Visual Studio\2022\Community\VC\Tools\MSVC\14.35.32215\include\istream(181,39): message : 또는       'std::basic_istream<char,std::char_traits<char>> &std::basic_istream<char,std::char_traits<char>>::operator >>(std::basic_ios<char,std::char_traits<char>> &(__cdecl *)(std::basic_ios<char,std::char_traits<char>> &))'
C:\Program Files\Microsoft Visual Studio\2022\Community\VC\Tools\MSVC\14.35.32215\include\istream(176,39): message : 또는       'std::basic_istream<char,std::char_traits<char>> &std::basic_istream<char,std::char_traits<char>>::operator >>(std::basic_istream<char,std::char_traits<char>> &(__cdecl *)(std::basic_istream<char,std::char_traits<char>> &))'
C:\Program Files\Microsoft Visual Studio\2022\Community\VC\Tools\MSVC\14.35.32215\include\istream(901,9): message : 또는       '_Istr &&std::operator >>(_Istr &&,_Ty &&)'
C:\Users\ghkdd\Desktop\CodingTest\BaekJoon\11659\11659\11659.cpp(29,22): message : '_Istr &&std::operator >>(_Istr &&,_Ty &&)': '__formal'의 템플릿 인수를 추론할 수 없습니다.
C:\Program Files\Microsoft Visual Studio\2022\Community\VC\Tools\MSVC\14.35.32215\include\istream(888,31): message : 또는       'std::basic_istream<char,_Traits> &std::operator >>(std::basic_istream<char,_Traits> &,unsigned char &)'
C:\Users\ghkdd\Desktop\CodingTest\BaekJoon\11659\11659\11659.cpp(29,20): message : '초기화 중': 'int *'에서 'unsigned char &'(으)로 변환할 수 없습니다.
C:\Program Files\Microsoft Visual Studio\2022\Community\VC\Tools\MSVC\14.35.32215\include\istream(882,31): message : 또는       'std::basic_istream<char,_Traits> &std::operator >>(std::basic_istream<char,_Traits> &,signed char &)'
C:\Users\ghkdd\Desktop\CodingTest\BaekJoon\11659\11659\11659.cpp(29,20): message : '초기화 중': 'int *'에서 'signed char &'(으)로 변환할 수 없습니다.
C:\Program Files\Microsoft Visual Studio\2022\Community\VC\Tools\MSVC\14.35.32215\include\istream(859,32): message : 또는       'std::basic_istream<_Elem,_Traits> &std::operator >>(std::basic_istream<_Elem,_Traits> &,_Elem &)'
C:\Users\ghkdd\Desktop\CodingTest\BaekJoon\11659\11659\11659.cpp(29,3): message : 'std::basic_istream<_Elem,_Traits> &std::operator >>(std::basic_istream<_Elem,_Traits> &,_Elem &)': 템플릿 매개 변수 '_Elem'이(가) 모호합니다.
C:\Users\ghkdd\Desktop\CodingTest\BaekJoon\11659\11659\11659.cpp(29,3): message : 'int *'일 수 있습니다.
C:\Users\ghkdd\Desktop\CodingTest\BaekJoon\11659\11659\11659.cpp(29,3): message : 또는      'char'
C:\Users\ghkdd\Desktop\CodingTest\BaekJoon\11659\11659\11659.cpp(29,3): message : 'std::basic_istream<_Elem,_Traits> &std::operator >>(std::basic_istream<_Elem,_Traits> &,_Elem &)': 'int *'에서 '_Elem &'에 대한 템플릿 인수를 추론할 수 없습니다.
C:\Program Files\Microsoft Visual Studio\2022\Community\VC\Tools\MSVC\14.35.32215\include\istream(853,31): message : 또는       'std::basic_istream<char,_Traits> &std::operator >>(std::basic_istream<char,_Traits> &,unsigned char *)'
C:\Users\ghkdd\Desktop\CodingTest\BaekJoon\11659\11659\11659.cpp(29,20): message : '초기화 중': 'int *'에서 'unsigned char *'(으)로 변환할 수 없습니다.
C:\Users\ghkdd\Desktop\CodingTest\BaekJoon\11659\11659\11659.cpp(29,20): message : 가리킨 형식이 관련이 없습니다. 변환하려면 reinterpret_cast, C 스타일 캐스트 또는 괄호가 있는 함수 스타일 캐스트가 필요합니다.
C:\Program Files\Microsoft Visual Studio\2022\Community\VC\Tools\MSVC\14.35.32215\include\istream(848,31): message : 또는       'std::basic_istream<char,_Traits> &std::operator >>(std::basic_istream<char,_Traits> &,signed char *)'
C:\Users\ghkdd\Desktop\CodingTest\BaekJoon\11659\11659\11659.cpp(29,20): message : '초기화 중': 'int *'에서 'signed char *'(으)로 변환할 수 없습니다.
C:\Users\ghkdd\Desktop\CodingTest\BaekJoon\11659\11659\11659.cpp(29,20): message : 가리킨 형식이 관련이 없습니다. 변환하려면 reinterpret_cast, C 스타일 캐스트 또는 괄호가 있는 함수 스타일 캐스트가 필요합니다.
C:\Program Files\Microsoft Visual Studio\2022\Community\VC\Tools\MSVC\14.35.32215\include\istream(843,32): message : 또는       'std::basic_istream<_Elem,_Traits> &std::operator >>(std::basic_istream<_Elem,_Traits> &,_Elem *)'
C:\Users\ghkdd\Desktop\CodingTest\BaekJoon\11659\11659\11659.cpp(29,3): message : 'std::basic_istream<_Elem,_Traits> &std::operator >>(std::basic_istream<_Elem,_Traits> &,_Elem *)': 템플릿 매개 변수 '_Elem'이(가) 모호합니다.
C:\Users\ghkdd\Desktop\CodingTest\BaekJoon\11659\11659\11659.cpp(29,3): message : 'int'일 수 있습니다.
C:\Users\ghkdd\Desktop\CodingTest\BaekJoon\11659\11659\11659.cpp(29,3): message : 또는      'char'
C:\Users\ghkdd\Desktop\CodingTest\BaekJoon\11659\11659\11659.cpp(29,3): message : 'std::basic_istream<_Elem,_Traits> &std::operator >>(std::basic_istream<_Elem,_Traits> &,_Elem *)': 'int *'에서 '_Elem *'에 대한 템플릿 인수를 추론할 수 없습니다.
C:\Program Files\Microsoft Visual Studio\2022\Community\VC\Tools\MSVC\14.35.32215\include\xstring(5317,32): message : 또는       'std::basic_istream<_Elem,_Traits> &std::operator >>(std::basic_istream<_Elem,_Traits> &,std::basic_string<_Elem,_Traits,_Alloc> &)'
C:\Users\ghkdd\Desktop\CodingTest\BaekJoon\11659\11659\11659.cpp(29,3): message : 'std::basic_istream<_Elem,_Traits> &std::operator >>(std::basic_istream<_Elem,_Traits> &,std::basic_string<_Elem,_Traits,_Alloc> &)': 'int *'에서 'std::basic_string<_Elem,_Traits,_Alloc> &'에 대한 템플릿 인수를 추론할 수 없습니다.
C:\Users\ghkdd\Desktop\CodingTest\BaekJoon\11659\11659\11659.cpp(29,3): message : 인수 목록 '(std::istream, int *)'을(를) 일치시키는 동안
C:\Users\ghkdd\Desktop\CodingTest\BaekJoon\11659\11659\11659.cpp(33,27): error C2107: 인덱스가 잘못되어 간접 참조를 사용할 수 없습니다.
C:\Users\ghkdd\Desktop\CodingTest\BaekJoon\11659\11659\11659.cpp(33,53): error C2107: 인덱스가 잘못되어 간접 참조를 사용할 수 없습니다.
